Determining if the pthread_create exist failed with the following output:
Change Dir: /home/mariyant/Desktop/project/textadventure/CMakeFiles/CMakeTmp

Run Build Command:/usr/bin/make "cmTryCompileExec4077711221/fast"
/usr/bin/make -f CMakeFiles/cmTryCompileExec4077711221.dir/build.make CMakeFiles/cmTryCompileExec4077711221.dir/build
make[1]: Entering directory `/home/mariyant/Desktop/project/textadventure/CMakeFiles/CMakeTmp'
/usr/bin/cmake -E cmake_progress_report /home/mariyant/Desktop/project/textadventure/CMakeFiles/CMakeTmp/CMakeFiles 1
Building C object CMakeFiles/cmTryCompileExec4077711221.dir/CheckSymbolExists.c.o
/usr/bin/clang    -o CMakeFiles/cmTryCompileExec4077711221.dir/CheckSymbolExists.c.o   -c /home/mariyant/Desktop/project/textadventure/CMakeFiles/CMakeTmp/CheckSymbolExists.c
Linking C executable cmTryCompileExec4077711221
/usr/bin/cmake -E cmake_link_script CMakeFiles/cmTryCompileExec4077711221.dir/link.txt --verbose=1
/usr/bin/clang       CMakeFiles/cmTryCompileExec4077711221.dir/CheckSymbolExists.c.o  -o cmTryCompileExec4077711221 -rdynamic 
CMakeFiles/cmTryCompileExec4077711221.dir/CheckSymbolExists.c.o: In function `main':
/home/mariyant/Desktop/project/textadventure/CMakeFiles/CMakeTmp/CheckSymbolExists.c:(.text+0x19): undefined reference to `pthread_create'
clang: error: linker command failed with exit code 1 (use -v to see invocation)
make[1]: *** [cmTryCompileExec4077711221] Error 1
make[1]: Leaving directory `/home/mariyant/Desktop/project/textadventure/CMakeFiles/CMakeTmp'
make: *** [cmTryCompileExec4077711221/fast] Error 2

File /home/mariyant/Desktop/project/textadventure/CMakeFiles/CMakeTmp/CheckSymbolExists.c:
/* */
#include <pthread.h>

int main(int argc, char** argv)
{
  (void)argv;
#ifndef pthread_create
  return ((int*)(&pthread_create))[argc];
#else
  (void)argc;
  return 0;
#endif
}

Determining if the function pthread_create exists in the pthreads failed with the following output:
Change Dir: /home/mariyant/Desktop/project/textadventure/CMakeFiles/CMakeTmp

Run Build Command:/usr/bin/make "cmTryCompileExec3684539135/fast"
/usr/bin/make -f CMakeFiles/cmTryCompileExec3684539135.dir/build.make CMakeFiles/cmTryCompileExec3684539135.dir/build
make[1]: Entering directory `/home/mariyant/Desktop/project/textadventure/CMakeFiles/CMakeTmp'
/usr/bin/cmake -E cmake_progress_report /home/mariyant/Desktop/project/textadventure/CMakeFiles/CMakeTmp/CMakeFiles 1
Building C object CMakeFiles/cmTryCompileExec3684539135.dir/CheckFunctionExists.c.o
/usr/bin/clang   -DCHECK_FUNCTION_EXISTS=pthread_create   -o CMakeFiles/cmTryCompileExec3684539135.dir/CheckFunctionExists.c.o   -c /usr/share/cmake-2.8/Modules/CheckFunctionExists.c
Linking C executable cmTryCompileExec3684539135
/usr/bin/cmake -E cmake_link_script CMakeFiles/cmTryCompileExec3684539135.dir/link.txt --verbose=1
/usr/bin/clang   -DCHECK_FUNCTION_EXISTS=pthread_create    CMakeFiles/cmTryCompileExec3684539135.dir/CheckFunctionExists.c.o  -o cmTryCompileExec3684539135 -rdynamic -lpthreads 
/usr/bin/ld: cannot find -lpthreads
clang: error: linker command failed with exit code 1 (use -v to see invocation)
make[1]: *** [cmTryCompileExec3684539135] Error 1
make[1]: Leaving directory `/home/mariyant/Desktop/project/textadventure/CMakeFiles/CMakeTmp'
make: *** [cmTryCompileExec3684539135/fast] Error 2


